<?xml version="1.0" encoding="UTF-8"?>
<!-- Generated by org.testng.reporters.JUnitReportReporter -->
<testsuite hostname="QHTRLRQ3" failures="0" tests="1" name="com.test.TC_RF_001" time="8.912" errors="0" timestamp="2025-02-15T14:46:08 IST" skipped="0">
  <testcase classname="com.test.TC_RF_001" name="registerWithMandatoryfields" time="8.912"/>
</testsuite> <!-- com.test.TC_RF_001 -->
