<?xml version="1.0" encoding="UTF-8"?>
<!-- Generated by org.testng.reporters.JUnitReportReporter -->
<testsuite hostname="QHTRLRQ3" failures="0" tests="1" name="com.test.ValidateLogin" time="15.657" errors="0" timestamp="2025-02-20T22:27:15 IST" skipped="0">
  <testcase classname="com.test.ValidateLogin" name="loginWithInValidCred" time="15.657"/>
</testsuite> <!-- com.test.ValidateLogin -->
