<?xml version="1.0" encoding="UTF-8"?>
<!-- Generated by org.testng.reporters.JUnitReportReporter -->
<testsuite hostname="QHTRLRQ3" failures="0" tests="1" name="com.test.ValidateRegister" time="27.882" errors="0" timestamp="2025-02-20T22:31:17 IST" skipped="0">
  <testcase classname="com.test.ValidateRegister" name="validateWithAllFields" time="27.882"/>
</testsuite> <!-- com.test.ValidateRegister -->
